DEB [20161201-14:26:47.648] thr=1   paramiko.transport: starting thread (client mode): 0xdfa19490L
DEB [20161201-14:26:47.651] thr=1   paramiko.transport: Local version/idstring: SSH-2.0-paramiko_2.0.2
DEB [20161201-14:26:47.657] thr=1   paramiko.transport: Remote version/idstring: SSH-2.0-OpenSSH_5.3
INF [20161201-14:26:47.657] thr=1   paramiko.transport: Connected (version 2.0, client OpenSSH_5.3)
DEB [20161201-14:26:47.659] thr=1   paramiko.transport: kex algos:[u'diffie-hellman-group-exchange-sha256', u'diffie-hellman-group-exchange-sha1', u'diffie-hellman-group14-sha1', u'diffie-hellman-group1-sha1'] server key:[u'ssh-rsa', u'ssh-dss'] client encrypt:[u'aes128-ctr', u'aes192-ctr', u'aes256-ctr', u'arcfour256', u'arcfour128', u'aes128-cbc', u'3des-cbc', u'blowfish-cbc', u'cast128-cbc', u'aes192-cbc', u'aes256-cbc', u'arcfour', u'rijndael-cbc@lysator.liu.se'] server encrypt:[u'aes128-ctr', u'aes192-ctr', u'aes256-ctr', u'arcfour256', u'arcfour128', u'aes128-cbc', u'3des-cbc', u'blowfish-cbc', u'cast128-cbc', u'aes192-cbc', u'aes256-cbc', u'arcfour', u'rijndael-cbc@lysator.liu.se'] client mac:[u'hmac-md5', u'hmac-sha1', u'umac-64@openssh.com', u'hmac-ripemd160', u'hmac-ripemd160@openssh.com', u'hmac-sha1-96', u'hmac-md5-96'] server mac:[u'hmac-md5', u'hmac-sha1', u'umac-64@openssh.com', u'hmac-ripemd160', u'hmac-ripemd160@openssh.com', u'hmac-sha1-96', u'hmac-md5-96'] client compress:[u'none', u'zlib@openssh.com'] server compress:[u'none', u'zlib@openssh.com'] client lang:[u''] server lang:[u''] kex follows?False
DEB [20161201-14:26:47.660] thr=1   paramiko.transport: Kex agreed: diffie-hellman-group1-sha1
DEB [20161201-14:26:47.660] thr=1   paramiko.transport: Cipher agreed: aes128-ctr
DEB [20161201-14:26:47.660] thr=1   paramiko.transport: MAC agreed: hmac-md5
DEB [20161201-14:26:47.660] thr=1   paramiko.transport: Compression agreed: none
DEB [20161201-14:26:47.788] thr=1   paramiko.transport: kex engine KexGroup1 specified hash_algo <built-in function openssl_sha1>
DEB [20161201-14:26:47.789] thr=1   paramiko.transport: Switch to new keys ...
DEB [20161201-14:26:47.803] thr=2   paramiko.transport: Attempting password auth...
DEB [20161201-14:26:47.829] thr=1   paramiko.transport: userauth is OK
INF [20161201-14:26:47.867] thr=1   paramiko.transport: Authentication (password) successful!
DEB [20161201-14:26:47.876] thr=2   paramiko.transport: [chan 0] Max packet in: 32768 bytes
DEB [20161201-14:26:47.877] thr=1   paramiko.transport: [chan 0] Max packet out: 32768 bytes
DEB [20161201-14:26:47.877] thr=1   paramiko.transport: Secsh channel 0 opened.
DEB [20161201-14:26:47.880] thr=1   paramiko.transport: [chan 0] Sesch channel 0 request ok
INF [20161201-14:26:47.901] thr=2   paramiko.transport.sftp: [chan 0] Opened sftp connection (server version 3)
DEB [20161201-14:26:47.901] thr=2   paramiko.transport.sftp: [chan 0] open('/tmp/bl.boot.tar.gz', 'wb')
DEB [20161201-14:26:47.904] thr=2   paramiko.transport.sftp: [chan 0] open('/tmp/bl.boot.tar.gz', 'wb') -> 00000000
DEB [20161201-14:26:47.905] thr=2   paramiko.transport.sftp: [chan 0] close(00000000)
DEB [20161201-14:26:47.906] thr=2   paramiko.transport.sftp: [chan 0] stat('/tmp/bl.boot.tar.gz')
INF [20161201-14:26:47.908] thr=2   paramiko.transport.sftp: [chan 0] sftp session closed.
DEB [20161201-14:26:47.908] thr=2   paramiko.transport: [chan 0] EOF sent (0)
DEB [20161201-14:26:47.910] thr=1   paramiko.transport: [chan 0] EOF received (0)
DEB [20161201-14:26:47.911] thr=3   paramiko.transport: starting thread (client mode): 0xdae631d0L
DEB [20161201-14:26:47.912] thr=3   paramiko.transport: Local version/idstring: SSH-2.0-paramiko_2.0.2
DEB [20161201-14:26:47.920] thr=3   paramiko.transport: Remote version/idstring: SSH-2.0-OpenSSH_5.3
INF [20161201-14:26:47.920] thr=3   paramiko.transport: Connected (version 2.0, client OpenSSH_5.3)
DEB [20161201-14:26:47.923] thr=3   paramiko.transport: kex algos:[u'diffie-hellman-group-exchange-sha256', u'diffie-hellman-group-exchange-sha1', u'diffie-hellman-group14-sha1', u'diffie-hellman-group1-sha1'] server key:[u'ssh-rsa', u'ssh-dss'] client encrypt:[u'aes128-ctr', u'aes192-ctr', u'aes256-ctr', u'arcfour256', u'arcfour128', u'aes128-cbc', u'3des-cbc', u'blowfish-cbc', u'cast128-cbc', u'aes192-cbc', u'aes256-cbc', u'arcfour', u'rijndael-cbc@lysator.liu.se'] server encrypt:[u'aes128-ctr', u'aes192-ctr', u'aes256-ctr', u'arcfour256', u'arcfour128', u'aes128-cbc', u'3des-cbc', u'blowfish-cbc', u'cast128-cbc', u'aes192-cbc', u'aes256-cbc', u'arcfour', u'rijndael-cbc@lysator.liu.se'] client mac:[u'hmac-md5', u'hmac-sha1', u'umac-64@openssh.com', u'hmac-ripemd160', u'hmac-ripemd160@openssh.com', u'hmac-sha1-96', u'hmac-md5-96'] server mac:[u'hmac-md5', u'hmac-sha1', u'umac-64@openssh.com', u'hmac-ripemd160', u'hmac-ripemd160@openssh.com', u'hmac-sha1-96', u'hmac-md5-96'] client compress:[u'none', u'zlib@openssh.com'] server compress:[u'none', u'zlib@openssh.com'] client lang:[u''] server lang:[u''] kex follows?False
DEB [20161201-14:26:47.923] thr=3   paramiko.transport: Kex agreed: diffie-hellman-group1-sha1
DEB [20161201-14:26:47.923] thr=3   paramiko.transport: Cipher agreed: aes128-ctr
DEB [20161201-14:26:47.923] thr=3   paramiko.transport: MAC agreed: hmac-md5
DEB [20161201-14:26:47.923] thr=3   paramiko.transport: Compression agreed: none
DEB [20161201-14:26:47.947] thr=3   paramiko.transport: kex engine KexGroup1 specified hash_algo <built-in function openssl_sha1>
DEB [20161201-14:26:47.947] thr=3   paramiko.transport: Switch to new keys ...
DEB [20161201-14:26:47.951] thr=2   paramiko.transport: Adding ssh-rsa host key for 192.168.1.146: b03e2e7a13046c303273d5d460640bb4
DEB [20161201-14:26:47.952] thr=2   paramiko.transport: Trying discovered key 2147a14b7a4e5c7115d22d9c613e1a58 in /home/lza/.ssh/id_rsa
DEB [20161201-14:26:47.988] thr=3   paramiko.transport: userauth is OK
INF [20161201-14:26:48.007] thr=3   paramiko.transport: Authentication (publickey) successful!
DEB [20161201-14:26:48.023] thr=2   paramiko.transport: [chan 0] Max packet in: 32768 bytes
DEB [20161201-14:26:48.024] thr=3   paramiko.transport: [chan 0] Max packet out: 32768 bytes
DEB [20161201-14:26:48.025] thr=3   paramiko.transport: Secsh channel 0 opened.
DEB [20161201-14:26:48.027] thr=3   paramiko.transport: [chan 0] Sesch channel 0 request ok
DEB [20161201-14:26:48.029] thr=3   paramiko.transport: [chan 0] Sesch channel 0 request ok
DEB [20161201-14:26:48.272] thr=2   paramiko.transport: [chan 0] EOF sent (0)
DEB [20161201-14:26:48.316] thr=3   paramiko.transport: EOF in transport thread
DEB [20161201-14:26:48.423] thr=1   paramiko.transport: EOF in transport thread
